10:34:52.021 INFO  Listening at 3001 
10:35:38.539 INFO  Listening at 3001 
10:37:03.084 INFO  Listening at 3001 
10:54:06.792 INFO  Listening at 3001 
10:55:41.679 INFO  Listening at 3001 
10:57:13.894 INFO  Listening at 3001 
10:57:19.553 INFO  Listening at 3001 
10:57:54.367 INFO  Listening at 3001 
10:58:14.140 INFO  Listening at 3001 
10:58:33.272 INFO  Listening at 3001 
10:58:57.598 INFO  Listening at 3001 
11:11:37.977 INFO  Listening at 3001 
11:46:02.375 INFO  Listening at 3001 
11:59:34.299 INFO  Listening at 3001 
12:01:32.274 INFO  Listening at 3001 
12:02:13.652 INFO  Listening at 3001 
12:14:20.789 INFO  Listening at 3001 
12:16:34.017 INFO  Listening at 3001 
12:17:03.231 INFO  Listening at 3001 
12:18:21.734 INFO  Listening at 3001 
13:23:24.955 INFO  Listening at 3001 
13:23:43.748 INFO  Listening at 3001 
13:25:23.150 INFO  Listening at 3001 
13:27:13.876 INFO  Listening at 3001 
13:27:52.266 INFO  Listening at 3001 
13:32:39.322 INFO  Listening at 3001 
13:33:07.686 INFO  Listening at 3001 
13:33:25.787 INFO  Listening at 3001 
13:38:42.463 INFO  Listening at 3001 
13:40:02.094 INFO  Listening at 3001 
13:40:17.814 INFO  Listening at 3001 
13:40:27.273 INFO  Listening at 3001 
13:40:35.813 INFO  Listening at 3001 
13:40:52.459 INFO  Listening at 3001 
13:44:20.183 INFO  Listening at 3001 
13:44:46.552 INFO  Listening at 3001 
13:45:14.255 INFO  Listening at 3001 
13:46:17.369 INFO  Listening at 3001 
13:46:40.758 INFO  Listening at 3001 
13:47:15.806 INFO  Listening at 3001 
13:49:10.893 INFO  Listening at 3001 
13:50:37.795 INFO  Listening at 3001 
13:50:46.848 INFO  Listening at 3001 
13:51:14.355 INFO  Listening at 3001 
13:52:11.341 INFO  Listening at 3001 
13:52:34.003 INFO  Listening at 3001 
13:53:11.581 INFO  Listening at 3001 
13:53:23.419 INFO  Listening at 3001 
13:56:14.151 INFO  Listening at 3001 
13:57:34.416 INFO  Listening at 3001 
13:59:22.656 INFO  Listening at 3001 
15:24:31.605 INFO  Listening at 3001 
15:29:06.623 INFO  Listening at 3001 
15:33:12.917 INFO  Routing to: /bestHodlers 
15:33:12.948 INFO  Returning success with data: 
15:33:12.948 INFO  [{"_id":"5a6925131d8fb7c4f38e64ae","address":"0x3f58e323a018d4c22b6cbee945825a4df521915a","balance":24925000000,"becameHodlerAt":1507096177,"isOG":false},{"_id":"5a6925131d8fb7c4f38e64b1","address":"0x395068fa2f0e3c20caedc8622fd6323413d73c0e","balance":33225000000,"becameHodlerAt":1507115540,"isOG":false},{"_id":"5a6925131d8fb7c4f38e64b4","address":"0x90775d0611467bd17e2b82915208f2bbd45259c4","balance":22748131019,"becameHodlerAt":1507289279,"isOG":false},{"_id":"5a6925131d8fb7c4f38e64b7","address":"0x729f984b794622c094227d5318d643e46578783f","balance":10000000000,"becameHodlerAt":1507434228,"isOG":false},{"_id":"5a6925131d8fb7c4f38e64ba","address":"0x35e714c66922626c70c69e521d3938073bc74cb7","balance":20500000000,"becameHodlerAt":1507466752,"isOG":false},{"_id":"5a6925131d8fb7c4f38e64bd","address":"0x9a2e2b42d910e3045077d28857681939e48b2f43","balance":105415902503,"becameHodlerAt":1507472662,"isOG":false},{"_id":"5a6925131d8fb7c4f38e64c0","address":"0xb1bd532c4802ce4abd775493a225591709888e7f","balance":12494049450,"becameHodlerAt":1507608982,"isOG":false},{"_id":"5a6925131d8fb7c4f38e64c3","address":"0x3d17bc4c56eeec60b7520eefa8afd26b11374bfa","balance":3425000000,"becameHodlerAt":1507631281,"isOG":false},{"_id":"5a6925131d8fb7c4f38e64c6","address":"0x907a7f4255accd1a5e147f3309edb3d77d6276e7","balance":5000000000,"becameHodlerAt":1507642045,"isOG":false},{"_id":"5a6925131d8fb7c4f38e64c9","address":"0x834df7fc8adef83b6e3609bcd1d0871daeffe821","balance":38100000000,"becameHodlerAt":1507679477,"isOG":false},{"_id":"5a6925131d8fb7c4f38e64cf","address":"0xcb91d6549c3c88b36d52e43c019713e2053b4fef","balance":5050000000,"becameHodlerAt":1507782120,"isOG":false},{"_id":"5a6925131d8fb7c4f38e64d2","address":"0xa37c90bd1448d5589aaf4c4b8db94c0319818ab9","balance":20000000000,"becameHodlerAt":1507782443,"isOG":false},{"_id":"5a6925131d8fb7c4f38e64cc","address":"0xa2f99ea6bacac25fe4710cb3f22e9ecdc034705b","balance":371226000000,"becameHodlerAt":1507788900,"isOG":false},{"_id":"5a6925131d8fb7c4f38e64d5","address":"0xc87997b74344945b5d9048cd91b21a01c8ebf864","balance":20795125206,"becameHodlerAt":1507800689,"isOG":false},{"_id":"5a6e4e7c1d8fb7c4f38e9713","address":"0xb6571a6df4493985affc991546a3fb8a0a6e0b20","balance":5000000000,"becameHodlerAt":1507842789,"isOG":false},{"_id":"5a6925131d8fb7c4f38e64db","address":"0xbce4d707e4a8543057541bc4e0f8cec5f8dc9d42","balance":25000000000,"becameHodlerAt":1507941516,"isOG":false},{"_id":"5a6925131d8fb7c4f38e64de","address":"0x0b18644431f6724c7eebc450e88265105bd3cb52","balance":12500000000,"becameHodlerAt":1507942757,"isOG":false},{"_id":"5a6925131d8fb7c4f38e64e1","address":"0x4a994537c15a88f0dcf04035ce3a361f27f8f7e0","balance":10000000000,"becameHodlerAt":1507974731,"isOG":false},{"_id":"5a6925131d8fb7c4f38e64e4","address":"0xa18f4b2b4bd1b31bc2138e251742d38a9657ae37","balance":10000000000,"becameHodlerAt":1508010559,"isOG":false},{"_id":"5a6925131d8fb7c4f38e64e7","address":"0xaf52eeaf8a495770656e57ce86a1521a2f5f2e0e","balance":10000000000,"becameHodlerAt":1508011692,"isOG":false}] 
15:33:58.684 INFO  Routing to: /bestHodlers 
15:33:58.686 INFO  Returning success with data: 
15:33:58.686 INFO  [{"_id":"5a6925131d8fb7c4f38e64ae","address":"0x3f58e323a018d4c22b6cbee945825a4df521915a","balance":24925000000,"becameHodlerAt":1507096177,"isOG":false},{"_id":"5a6925131d8fb7c4f38e64b1","address":"0x395068fa2f0e3c20caedc8622fd6323413d73c0e","balance":33225000000,"becameHodlerAt":1507115540,"isOG":false},{"_id":"5a6925131d8fb7c4f38e64b4","address":"0x90775d0611467bd17e2b82915208f2bbd45259c4","balance":22748131019,"becameHodlerAt":1507289279,"isOG":false},{"_id":"5a6925131d8fb7c4f38e64b7","address":"0x729f984b794622c094227d5318d643e46578783f","balance":10000000000,"becameHodlerAt":1507434228,"isOG":false},{"_id":"5a6925131d8fb7c4f38e64ba","address":"0x35e714c66922626c70c69e521d3938073bc74cb7","balance":20500000000,"becameHodlerAt":1507466752,"isOG":false},{"_id":"5a6925131d8fb7c4f38e64bd","address":"0x9a2e2b42d910e3045077d28857681939e48b2f43","balance":105415902503,"becameHodlerAt":1507472662,"isOG":false},{"_id":"5a6925131d8fb7c4f38e64c0","address":"0xb1bd532c4802ce4abd775493a225591709888e7f","balance":12494049450,"becameHodlerAt":1507608982,"isOG":false},{"_id":"5a6925131d8fb7c4f38e64c3","address":"0x3d17bc4c56eeec60b7520eefa8afd26b11374bfa","balance":3425000000,"becameHodlerAt":1507631281,"isOG":false},{"_id":"5a6925131d8fb7c4f38e64c6","address":"0x907a7f4255accd1a5e147f3309edb3d77d6276e7","balance":5000000000,"becameHodlerAt":1507642045,"isOG":false},{"_id":"5a6925131d8fb7c4f38e64c9","address":"0x834df7fc8adef83b6e3609bcd1d0871daeffe821","balance":38100000000,"becameHodlerAt":1507679477,"isOG":false},{"_id":"5a6925131d8fb7c4f38e64cf","address":"0xcb91d6549c3c88b36d52e43c019713e2053b4fef","balance":5050000000,"becameHodlerAt":1507782120,"isOG":false},{"_id":"5a6925131d8fb7c4f38e64d2","address":"0xa37c90bd1448d5589aaf4c4b8db94c0319818ab9","balance":20000000000,"becameHodlerAt":1507782443,"isOG":false},{"_id":"5a6925131d8fb7c4f38e64cc","address":"0xa2f99ea6bacac25fe4710cb3f22e9ecdc034705b","balance":371226000000,"becameHodlerAt":1507788900,"isOG":false},{"_id":"5a6925131d8fb7c4f38e64d5","address":"0xc87997b74344945b5d9048cd91b21a01c8ebf864","balance":20795125206,"becameHodlerAt":1507800689,"isOG":false},{"_id":"5a6e4e7c1d8fb7c4f38e9713","address":"0xb6571a6df4493985affc991546a3fb8a0a6e0b20","balance":5000000000,"becameHodlerAt":1507842789,"isOG":false},{"_id":"5a6925131d8fb7c4f38e64db","address":"0xbce4d707e4a8543057541bc4e0f8cec5f8dc9d42","balance":25000000000,"becameHodlerAt":1507941516,"isOG":false},{"_id":"5a6925131d8fb7c4f38e64de","address":"0x0b18644431f6724c7eebc450e88265105bd3cb52","balance":12500000000,"becameHodlerAt":1507942757,"isOG":false},{"_id":"5a6925131d8fb7c4f38e64e1","address":"0x4a994537c15a88f0dcf04035ce3a361f27f8f7e0","balance":10000000000,"becameHodlerAt":1507974731,"isOG":false},{"_id":"5a6925131d8fb7c4f38e64e4","address":"0xa18f4b2b4bd1b31bc2138e251742d38a9657ae37","balance":10000000000,"becameHodlerAt":1508010559,"isOG":false},{"_id":"5a6925131d8fb7c4f38e64e7","address":"0xaf52eeaf8a495770656e57ce86a1521a2f5f2e0e","balance":10000000000,"becameHodlerAt":1508011692,"isOG":false}] 
15:34:10.838 INFO  Listening at 3001 
15:51:18.849 INFO  Listening at 3001 
15:51:58.968 INFO  Listening at 3001 
15:54:45.983 INFO  Listening at 3001 
15:56:19.028 INFO  Listening at 3001 
15:57:09.316 INFO  Listening at 3001 
15:57:33.476 INFO  Listening at 3001 
16:46:08.645 INFO  Listening at 3001 
16:46:57.225 INFO  Listening at 3001 
16:47:54.786 INFO  Listening at 3001 
16:48:51.302 INFO  Routing to: /submitHodlApplication 
16:48:51.302 INFO  Returning server error 
16:49:20.167 INFO  Listening at 3001 
16:49:22.819 INFO  Routing to: /submitHodlApplication 
16:49:22.820 INFO  Returning server error 
16:49:43.029 INFO  Listening at 3001 
16:49:45.354 INFO  Routing to: /submitHodlApplication 
16:49:45.363 INFO  Returning bad request with errors 
16:49:45.363 INFO  ["Not enough CAN to join the club"] 
16:51:39.878 INFO  Routing to: /submitHodlApplication 
16:51:39.881 INFO  Returning bad request with errors 
16:51:39.881 INFO  ["Not enough CAN to join the club"] 
16:54:58.272 INFO  Listening at 3001 
16:55:12.189 INFO  Routing to: /submitHodlApplication 
16:55:12.212 INFO  New Hodl Club application. ETH: 0xddfdacea2fb6404fcd56fa9e920a1911693d5a7e, telegram: tomnash, email: tommynosh@gmail.com 
16:55:12.212 INFO  Returning OK 
16:55:15.241 INFO  Routing to: /submitHodlApplication 
16:55:15.243 INFO  New Hodl Club application. ETH: 0xddfdacea2fb6404fcd56fa9e920a1911693d5a7e, telegram: tomnash, email: tommynosh@gmail.com 
16:55:15.243 INFO  Returning OK 
16:55:16.119 INFO  Routing to: /submitHodlApplication 
16:55:16.122 INFO  New Hodl Club application. ETH: 0xddfdacea2fb6404fcd56fa9e920a1911693d5a7e, telegram: tomnash, email: tommynosh@gmail.com 
16:55:16.122 INFO  Returning OK 
16:55:16.635 INFO  Routing to: /submitHodlApplication 
16:55:16.638 INFO  New Hodl Club application. ETH: 0xddfdacea2fb6404fcd56fa9e920a1911693d5a7e, telegram: tomnash, email: tommynosh@gmail.com 
16:55:16.638 INFO  Returning OK 
16:55:17.028 INFO  Routing to: /submitHodlApplication 
16:55:17.031 INFO  New Hodl Club application. ETH: 0xddfdacea2fb6404fcd56fa9e920a1911693d5a7e, telegram: tomnash, email: tommynosh@gmail.com 
16:55:17.031 INFO  Returning OK 
16:56:51.164 INFO  Listening at 3001 
16:56:54.188 INFO  Routing to: /submitHodlApplication 
16:56:54.198 INFO  Returning bad request with errors 
16:56:54.198 INFO  ["Already applied to join the Hodl Club"] 
16:59:13.620 INFO  Listening at 3001 
16:59:31.728 INFO  Listening at 3001 
17:00:01.274 INFO  Listening at 3001 
17:09:45.146 INFO  Listening at 3001 
