10:11:42.982 INFO  Server started at port 3000 
10:11:42.982 INFO  Listening at 3000 
10:13:47.443 INFO  Server started at port 3000 
10:13:47.443 INFO  Listening at 3000 
10:14:12.465 INFO  Server started at port 3000 
10:14:12.465 INFO  Listening at 3000 
10:18:29.701 INFO  Server started at port 3000 
10:18:29.702 INFO  Listening at 3000 
10:18:31.986 INFO  Routing to: /bestHodlers 
10:21:17.293 INFO  Server started at port 3000 
10:21:17.293 INFO  Listening at 3000 
10:21:20.075 INFO  Routing to: /bestHodlers 
10:21:34.307 INFO  Server started at port 3000 
10:21:34.307 INFO  Listening at 3000 
10:21:52.050 INFO  Server started at port 3000 
10:21:52.050 INFO  Listening at 3000 
10:21:54.446 INFO  Routing to: /bestHodlers 
10:23:59.603 INFO  Server started at port 3000 
10:23:59.603 INFO  Listening at 3000 
10:24:02.395 INFO  Routing to: /bestHodlers 
10:25:17.120 INFO  Server started at port 3000 
10:25:17.120 INFO  Listening at 3000 
10:25:18.952 INFO  Routing to: /bestHodlers 
10:25:18.973 INFO  Returning success with data: 
10:25:37.654 INFO  Server started at port 3000 
10:25:37.654 INFO  Listening at 3000 
10:25:39.509 INFO  Routing to: /bestHodlers 
10:25:39.519 INFO  Returning success with data: 
10:25:39.519 INFO  Failed to parse: { find: "hodlers", filter: {}, sort: { becameHodlerAt: 1 }, limit: "10", $db: "hodlers" }. 'limit' field must be numeric.
MongoError: Failed to parse: { find: "hodlers", filter: {}, sort: { becameHodlerAt: 1 }, limit: "10", $db: "hodlers" }. 'limit' field must be numeric.
    at queryCallback (/Users/bae/Documents/CanYa/HodlClub/Server/node_modules/mongodb-core/lib/cursor.js:223:25)
    at /Users/bae/Documents/CanYa/HodlClub/Server/node_modules/mongodb-core/lib/connection/pool.js:541:18
    at process._tickCallback (internal/process/next_tick.js:150:11) 
10:27:38.454 INFO  Server started at port 3000 
10:27:38.454 INFO  Listening at 3000 
10:27:42.992 INFO  Routing to: /bestHodlers 
10:40:19.438 INFO  Server started at port 3000 
10:40:19.438 INFO  Listening at 3000 
10:40:21.551 INFO  Routing to: /bestHodlers 
10:40:21.563 INFO  Returning not found 
10:51:39.587 INFO  Server started at port 3000 
10:51:39.587 INFO  Listening at 3000 
10:51:42.211 INFO  Routing to: /bestHodlers 
10:51:42.225 INFO  Returning success with data: 
10:51:42.225 INFO  [{"_id":"5a6577081d8fb7c4f38e37e7","address":"0x3f58e323a018d4c22b6cbee945825a4df521915a","balance":24925000000,"becameHodlerAt":1507096177,"isOG":false},{"_id":"5a6577081d8fb7c4f38e37e9","address":"0x395068fa2f0e3c20caedc8622fd6323413d73c0e","balance":33225000000,"becameHodlerAt":1507115540,"isOG":false},{"_id":"5a6577081d8fb7c4f38e37eb","address":"0x90775d0611467bd17e2b82915208f2bbd45259c4","balance":22748131019,"becameHodlerAt":1507289279,"isOG":false},{"_id":"5a6577081d8fb7c4f38e37ed","address":"0x729f984b794622c094227d5318d643e46578783f","balance":10000000000,"becameHodlerAt":1507434228,"isOG":false},{"_id":"5a6577081d8fb7c4f38e37ef","address":"0x35e714c66922626c70c69e521d3938073bc74cb7","balance":20500000000,"becameHodlerAt":1507466752,"isOG":false},{"_id":"5a6577081d8fb7c4f38e37f1","address":"0x9a2e2b42d910e3045077d28857681939e48b2f43","balance":105415902503,"becameHodlerAt":1507472662,"isOG":false},{"_id":"5a6577081d8fb7c4f38e37f3","address":"0xb1bd532c4802ce4abd775493a225591709888e7f","balance":12494049450,"becameHodlerAt":1507608982,"isOG":false},{"_id":"5a6577081d8fb7c4f38e37f5","address":"0x3d17bc4c56eeec60b7520eefa8afd26b11374bfa","balance":3425000000,"becameHodlerAt":1507631281,"isOG":false},{"_id":"5a6577081d8fb7c4f38e37f7","address":"0x907a7f4255accd1a5e147f3309edb3d77d6276e7","balance":5000000000,"becameHodlerAt":1507642045,"isOG":false},{"_id":"5a6577081d8fb7c4f38e37f9","address":"0x834df7fc8adef83b6e3609bcd1d0871daeffe821","balance":38100000000,"becameHodlerAt":1507679477,"isOG":false}] 
10:58:59.490 INFO  Server started at port 3000 
10:58:59.490 INFO  Listening at 3000 
10:59:31.090 INFO  Routing to: /getHodlStats 
10:59:31.096 INFO  Returning success with data: 
10:59:31.096 INFO  [{"_id":"5a6577081d8fb7c4f38e386d","address":"0x847b9e6d8047732bc313e7e312b6e704b3f45302","balance":5000000000,"becameHodlerAt":1508119003,"isOG":false}] 
11:00:08.227 INFO  Routing to: /getHodlStats 
11:00:08.228 INFO  Returning success with data: 
11:00:08.228 INFO  [] 
11:36:23.011 INFO  Server started at port 3000 
11:36:23.011 INFO  Listening at 3000 
11:36:36.261 INFO  Routing to: /bestHodlerOGs 
11:36:36.312 INFO  Returning not found 
14:56:23.387 INFO  Server started at port 3000 
14:56:23.387 INFO  Listening at 3000 
14:57:00.649 INFO  Routing to: /submitHodlApplication 
14:58:48.119 INFO  Server started at port 3000 
14:58:48.119 INFO  Listening at 3000 
14:58:50.493 INFO  Routing to: /submitHodlApplication 
14:59:42.692 INFO  Server started at port 3000 
14:59:42.692 INFO  Listening at 3000 
14:59:46.291 INFO  Routing to: /submitHodlApplication 
14:59:46.292 INFO  Returning bad request with errors 
14:59:46.292 INFO  ["Invalid email address","Invalid Ethereum address","Invalid Telegram handle"] 
14:59:55.015 INFO  Routing to: /submitHodlApplication 
14:59:55.015 INFO  Returning bad request with errors 
14:59:55.015 INFO  ["Invalid email address","Invalid Ethereum address","Invalid Telegram handle"] 
14:59:58.662 INFO  Routing to: /submitHodlApplication 
14:59:58.662 INFO  Returning bad request with errors 
14:59:58.662 INFO  ["Invalid email address","Invalid Ethereum address","Invalid Telegram handle"] 
15:00:02.489 INFO  Routing to: /submitHodlApplication 
15:00:02.490 INFO  Returning bad request with errors 
15:00:02.490 INFO  ["Invalid Ethereum address","Invalid Telegram handle"] 
15:00:06.931 INFO  Routing to: /submitHodlApplication 
15:00:06.931 INFO  Returning bad request with errors 
15:00:06.931 INFO  ["Invalid Ethereum address","Invalid Telegram handle"] 
15:00:10.665 INFO  Routing to: /submitHodlApplication 
15:00:10.665 INFO  Returning bad request with errors 
15:00:10.665 INFO  ["Invalid Ethereum address","Invalid Telegram handle"] 
15:00:17.768 INFO  Routing to: /submitHodlApplication 
15:00:17.768 INFO  Returning bad request with errors 
15:00:17.768 INFO  ["Invalid Ethereum address"] 
15:00:30.857 INFO  Routing to: /submitHodlApplication 
15:01:07.173 INFO  Routing to: /submitHodlApplication 
15:01:12.179 INFO  Server started at port 3000 
15:01:12.179 INFO  Listening at 3000 
15:01:13.646 INFO  Routing to: /submitHodlApplication 
15:02:18.588 INFO  Server started at port 3000 
15:02:18.588 INFO  Listening at 3000 
15:02:20.547 INFO  Routing to: /submitHodlApplication 
15:02:46.498 INFO  Server started at port 3000 
15:02:46.499 INFO  Listening at 3000 
15:02:50.512 INFO  Routing to: /submitHodlApplication 
15:02:50.591 INFO  Returning OK 
